<?xml version="1.0" encoding="UTF-8" ?>
<testsuite tests="3" failures="0" name="com.reem.cloudServlet.service.AccountServiceTest" time="6.843" errors="0" skipped="0">
  <properties>
[...]
</properties>
  <testcase classname="com.reem.cloudServlet.service.AccountServiceTest" name="testReadById" time="6.174"/>
  <testcase classname="com.reem.cloudServlet.service.AccountServiceTest" name="readAll" time="0.047"/>
  <testcase classname="com.reem.cloudServlet.service.AccountServiceTest" name="deleteById" time="0.622"/>
</testsuite>